PLINK v2.0.0-a.6.23 64-bit (24 Aug 2025)
Options in effect:
  --export vcf
  --map RiceDiversity/sativas413.map
  --out RiceDiversity/sativas413
  --ped RiceDiversity/sativas413.ped

Hostname: DESKTOP-KMQ612S
Working directory: G:\Mi unidad\moodle\code_lectures
Start time: Fri Oct 24 19:56:13 2025

Random number seed: 1761353773
32440 MiB RAM detected; reserving 16220 MiB for main workspace.
Using up to 32 threads (change this with --threads).
--pedmap: 36901 variants in .map file.
--pedmap: 413 samples present, genotypes extracted to
RiceDiversity/sativas413-temporary.bed.smaj .
Transposing sample-major .bed to RiceDiversity/sativas413-temporary.pgen , and
setting major alleles to provisional-REF.
Transpose complete.
--pedmap: RiceDiversity/sativas413-temporary.pgen +
RiceDiversity/sativas413-temporary.pvar +
RiceDiversity/sativas413-temporary.psam written. .bed.smaj and .fam.tmp
temporary files deleted.
413 samples (0 females, 0 males, 413 ambiguous; 413 founders) loaded from
RiceDiversity/sativas413-temporary.psam.
36901 variants loaded from RiceDiversity/sativas413-temporary.pvar.
Note: No phenotype data present.
--export vcf to RiceDiversity/sativas413.vcf ... done.

End time: Fri Oct 24 19:56:18 2025
